<?xml version="1.0" encoding="UTF-8"?>
<!-- Generated by org.testng.reporters.JUnitReportReporter -->
<testsuite hostname="FLW-GodsfavourNwoko-PC" failures="0" tests="3" name="instillAdminPortal.tests.StandAloneTest" time="31.554" errors="0" timestamp="2024-06-19T12:12:19 WAT" skipped="0">
  <testcase classname="instillAdminPortal.tests.StandAloneTest" name="LoginErrorValidation" time="12.480"/>
  <testcase classname="instillAdminPortal.tests.StandAloneTest" name="successfulLogin" time="12.965"/>
  <testcase classname="instillAdminPortal.tests.StandAloneTest" name="successfulSignOut" time="6.109"/>
</testsuite> <!-- instillAdminPortal.tests.StandAloneTest -->
