<?xml version="1.0" encoding="UTF-8"?>
<!-- Generated by org.testng.reporters.JUnitReportReporter -->
<testsuite hostname="FLW-GodsfavourNwoko-PC" failures="0" tests="3" name="frameworktutorial.tests.SubmitOrderTest" time="54.139" errors="0" timestamp="2024-06-18T13:36:57 WAT" skipped="0">
  <testcase classname="frameworktutorial.tests.SubmitOrderTest" name="submitOrder" time="20.095"/>
  <testcase classname="frameworktutorial.tests.SubmitOrderTest" name="submitOrder" time="15.942"/>
  <testcase classname="frameworktutorial.tests.SubmitOrderTest" name="OrderHistoryTest" time="18.102"/>
</testsuite> <!-- frameworktutorial.tests.SubmitOrderTest -->
